mode: set
github.com/fanap-infra/fsEngine/pkg/utils/array.go:9.52,10.22 1 0
github.com/fanap-infra/fsEngine/pkg/utils/array.go:15.2,15.14 1 0
github.com/fanap-infra/fsEngine/pkg/utils/array.go:10.22,11.13 1 0
github.com/fanap-infra/fsEngine/pkg/utils/array.go:11.13,13.4 1 0
github.com/fanap-infra/fsEngine/pkg/utils/array.go:18.63,20.33 2 1
github.com/fanap-infra/fsEngine/pkg/utils/array.go:23.2,23.33 1 1
github.com/fanap-infra/fsEngine/pkg/utils/array.go:29.2,29.14 1 1
github.com/fanap-infra/fsEngine/pkg/utils/array.go:20.33,22.3 1 0
github.com/fanap-infra/fsEngine/pkg/utils/array.go:23.33,24.39 1 1
github.com/fanap-infra/fsEngine/pkg/utils/array.go:24.39,26.4 1 1
github.com/fanap-infra/fsEngine/pkg/utils/fs.go:11.39,13.24 2 0
github.com/fanap-infra/fsEngine/pkg/utils/fs.go:16.2,16.22 1 0
github.com/fanap-infra/fsEngine/pkg/utils/fs.go:13.24,15.3 1 0
github.com/fanap-infra/fsEngine/pkg/utils/fs.go:20.44,22.24 2 0
github.com/fanap-infra/fsEngine/pkg/utils/fs.go:25.2,25.21 1 0
github.com/fanap-infra/fsEngine/pkg/utils/fs.go:22.24,24.3 1 0
github.com/fanap-infra/fsEngine/pkg/utils/fs.go:28.53,30.86 2 0
github.com/fanap-infra/fsEngine/pkg/utils/fs.go:45.2,45.16 1 0
github.com/fanap-infra/fsEngine/pkg/utils/fs.go:48.2,48.21 1 0
github.com/fanap-infra/fsEngine/pkg/utils/fs.go:30.86,31.17 1 0
github.com/fanap-infra/fsEngine/pkg/utils/fs.go:34.3,34.19 1 0
github.com/fanap-infra/fsEngine/pkg/utils/fs.go:37.3,37.87 1 0
github.com/fanap-infra/fsEngine/pkg/utils/fs.go:43.3,43.13 1 0
github.com/fanap-infra/fsEngine/pkg/utils/fs.go:31.17,33.4 1 0
github.com/fanap-infra/fsEngine/pkg/utils/fs.go:34.19,36.4 1 0
github.com/fanap-infra/fsEngine/pkg/utils/fs.go:37.87,39.4 1 0
github.com/fanap-infra/fsEngine/pkg/utils/fs.go:39.9,39.21 1 0
github.com/fanap-infra/fsEngine/pkg/utils/fs.go:39.21,42.4 2 0
github.com/fanap-infra/fsEngine/pkg/utils/fs.go:45.16,47.3 1 0
github.com/fanap-infra/fsEngine/pkg/utils/fs.go:51.45,54.30 3 0
github.com/fanap-infra/fsEngine/pkg/utils/fs.go:62.2,62.17 1 0
github.com/fanap-infra/fsEngine/pkg/utils/fs.go:54.30,55.18 1 0
github.com/fanap-infra/fsEngine/pkg/utils/fs.go:58.3,58.18 1 0
github.com/fanap-infra/fsEngine/pkg/utils/fs.go:55.18,57.4 1 0
github.com/fanap-infra/fsEngine/pkg/utils/fs.go:58.18,60.4 1 0
github.com/fanap-infra/fsEngine/pkg/utils/fs.go:65.40,67.16 2 0
github.com/fanap-infra/fsEngine/pkg/utils/fs.go:70.2,70.20 1 0
github.com/fanap-infra/fsEngine/pkg/utils/fs.go:73.2,73.8 1 0
github.com/fanap-infra/fsEngine/pkg/utils/fs.go:67.16,69.3 1 0
github.com/fanap-infra/fsEngine/pkg/utils/fs.go:70.20,72.3 1 0
github.com/fanap-infra/fsEngine/pkg/utils/fs.go:76.42,78.79 2 0
github.com/fanap-infra/fsEngine/pkg/utils/fs.go:87.2,87.18 1 0
github.com/fanap-infra/fsEngine/pkg/utils/fs.go:78.79,79.17 1 0
github.com/fanap-infra/fsEngine/pkg/utils/fs.go:82.3,82.20 1 0
github.com/fanap-infra/fsEngine/pkg/utils/fs.go:85.3,85.13 1 0
github.com/fanap-infra/fsEngine/pkg/utils/fs.go:79.17,81.4 1 0
github.com/fanap-infra/fsEngine/pkg/utils/fs.go:82.20,84.4 1 0
github.com/fanap-infra/fsEngine/pkg/utils/fs.go:90.76,92.13 2 0
github.com/fanap-infra/fsEngine/pkg/utils/fs.go:92.13,94.3 1 0
github.com/fanap-infra/fsEngine/pkg/utils/fs.go:94.8,94.20 1 0
github.com/fanap-infra/fsEngine/pkg/utils/fs.go:94.20,96.3 1 0
github.com/fanap-infra/fsEngine/pkg/utils/fs.go:96.8,98.3 1 0
github.com/fanap-infra/fsEngine/pkg/utils/fs.go:102.83,105.2 1 0
github.com/fanap-infra/fsEngine/pkg/utils/fs.go:107.43,109.16 2 0
github.com/fanap-infra/fsEngine/pkg/utils/fs.go:112.2,112.23 1 0
github.com/fanap-infra/fsEngine/pkg/utils/fs.go:109.16,111.3 1 0
github.com/fanap-infra/fsEngine/pkg/utils/fs.go:115.40,118.2 2 0
github.com/fanap-infra/fsEngine/internal/blockAllocationMap/provider.go:10.90,18.2 1 1
github.com/fanap-infra/fsEngine/internal/blockAllocationMap/provider.go:22.142,26.16 4 1
github.com/fanap-infra/fsEngine/internal/blockAllocationMap/provider.go:29.2,35.8 1 1
github.com/fanap-infra/fsEngine/internal/blockAllocationMap/provider.go:26.16,28.3 1 0
github.com/fanap-infra/fsEngine/internal/blockAllocationMap/provider.go:38.66,42.16 4 1
github.com/fanap-infra/fsEngine/internal/blockAllocationMap/provider.go:45.2,45.31 1 1
github.com/fanap-infra/fsEngine/internal/blockAllocationMap/provider.go:42.16,44.3 1 0
github.com/fanap-infra/fsEngine/internal/blockAllocationMap/blockAllocationMap.go:20.51,22.2 1 1
github.com/fanap-infra/fsEngine/internal/blockAllocationMap/blockAllocationMap.go:24.77,25.38 1 1
github.com/fanap-infra/fsEngine/internal/blockAllocationMap/blockAllocationMap.go:28.2,30.12 3 1
github.com/fanap-infra/fsEngine/internal/blockAllocationMap/blockAllocationMap.go:25.38,27.3 1 1
github.com/fanap-infra/fsEngine/internal/blockAllocationMap/blockAllocationMap.go:33.73,35.2 1 1
github.com/fanap-infra/fsEngine/internal/blockAllocationMap/blockAllocationMap.go:37.73,39.2 1 1
github.com/fanap-infra/fsEngine/internal/blockAllocationMap/blockAllocationMap.go:41.70,48.6 2 1
github.com/fanap-infra/fsEngine/internal/blockAllocationMap/blockAllocationMap.go:48.6,50.41 1 1
github.com/fanap-infra/fsEngine/internal/blockAllocationMap/blockAllocationMap.go:53.3,53.39 1 1
github.com/fanap-infra/fsEngine/internal/blockAllocationMap/blockAllocationMap.go:57.3,57.40 1 1
github.com/fanap-infra/fsEngine/internal/blockAllocationMap/blockAllocationMap.go:65.3,65.14 1 1
github.com/fanap-infra/fsEngine/internal/blockAllocationMap/blockAllocationMap.go:50.41,52.4 1 1
github.com/fanap-infra/fsEngine/internal/blockAllocationMap/blockAllocationMap.go:53.39,55.4 1 1
github.com/fanap-infra/fsEngine/internal/blockAllocationMap/blockAllocationMap.go:57.40,63.4 4 1
github.com/fanap-infra/fsEngine/internal/fileIndex/fileIndex.go:22.63,25.30 3 1
github.com/fanap-infra/fsEngine/internal/fileIndex/fileIndex.go:28.2,29.16 2 1
github.com/fanap-infra/fsEngine/internal/fileIndex/fileIndex.go:32.2,38.12 3 1
github.com/fanap-infra/fsEngine/internal/fileIndex/fileIndex.go:25.30,27.3 1 0
github.com/fanap-infra/fsEngine/internal/fileIndex/fileIndex.go:29.16,31.3 1 0
github.com/fanap-infra/fsEngine/internal/fileIndex/fileIndex.go:41.53,47.29 6 0
github.com/fanap-infra/fsEngine/internal/fileIndex/fileIndex.go:50.2,50.37 1 0
github.com/fanap-infra/fsEngine/internal/fileIndex/fileIndex.go:63.2,63.25 1 0
github.com/fanap-infra/fsEngine/internal/fileIndex/fileIndex.go:47.29,49.3 1 0
github.com/fanap-infra/fsEngine/internal/fileIndex/fileIndex.go:50.37,52.17 2 0
github.com/fanap-infra/fsEngine/internal/fileIndex/fileIndex.go:57.3,57.36 1 0
github.com/fanap-infra/fsEngine/internal/fileIndex/fileIndex.go:52.17,55.12 2 0
github.com/fanap-infra/fsEngine/internal/fileIndex/fileIndex.go:57.36,60.4 2 0
github.com/fanap-infra/fsEngine/internal/fileIndex/fileIndex.go:66.56,69.2 2 1
github.com/fanap-infra/fsEngine/internal/fileIndex/fileIndex.go:71.64,76.2 4 1
github.com/fanap-infra/fsEngine/internal/fileIndex/fileIndex.go:78.53,82.13 4 1
github.com/fanap-infra/fsEngine/internal/fileIndex/fileIndex.go:87.2,87.56 1 0
github.com/fanap-infra/fsEngine/internal/fileIndex/fileIndex.go:82.13,85.3 2 1
github.com/fanap-infra/fsEngine/internal/fileIndex/fileIndex.go:90.118,93.31 3 1
github.com/fanap-infra/fsEngine/internal/fileIndex/fileIndex.go:96.2,97.12 2 1
github.com/fanap-infra/fsEngine/internal/fileIndex/fileIndex.go:93.31,95.3 1 0
github.com/fanap-infra/fsEngine/internal/fileIndex/fileIndex.go:100.62,104.14 4 0
github.com/fanap-infra/fsEngine/internal/fileIndex/fileIndex.go:108.2,111.8 1 0
github.com/fanap-infra/fsEngine/internal/fileIndex/fileIndex.go:104.14,106.3 1 0
github.com/fanap-infra/fsEngine/internal/fileIndex/fileIndex.go:114.64,117.31 3 0
github.com/fanap-infra/fsEngine/internal/fileIndex/fileIndex.go:120.2,121.12 2 0
github.com/fanap-infra/fsEngine/internal/fileIndex/fileIndex.go:117.31,119.3 1 0
github.com/fanap-infra/fsEngine/internal/fileIndex/fileIndex.go:124.114,127.31 3 0
github.com/fanap-infra/fsEngine/internal/fileIndex/fileIndex.go:130.2,133.12 4 0
github.com/fanap-infra/fsEngine/internal/fileIndex/fileIndex.go:127.31,129.3 1 0
github.com/fanap-infra/fsEngine/internal/fileIndex/fileIndex.go:136.78,139.31 3 0
github.com/fanap-infra/fsEngine/internal/fileIndex/fileIndex.go:142.2,144.12 2 0
github.com/fanap-infra/fsEngine/internal/fileIndex/fileIndex.go:139.31,141.3 1 0
github.com/fanap-infra/fsEngine/internal/fileIndex/fileIndex.pb.go:40.25,42.29 2 1
github.com/fanap-infra/fsEngine/internal/fileIndex/fileIndex.pb.go:42.29,46.3 3 1
github.com/fanap-infra/fsEngine/internal/fileIndex/fileIndex.pb.go:49.33,51.2 1 0
github.com/fanap-infra/fsEngine/internal/fileIndex/fileIndex.pb.go:53.31,53.32 0 0
github.com/fanap-infra/fsEngine/internal/fileIndex/fileIndex.pb.go:55.53,57.41 2 1
github.com/fanap-infra/fsEngine/internal/fileIndex/fileIndex.pb.go:64.2,64.24 1 0
github.com/fanap-infra/fsEngine/internal/fileIndex/fileIndex.pb.go:57.41,59.34 2 1
github.com/fanap-infra/fsEngine/internal/fileIndex/fileIndex.pb.go:62.3,62.12 1 1
github.com/fanap-infra/fsEngine/internal/fileIndex/fileIndex.pb.go:59.34,61.4 1 1
github.com/fanap-infra/fsEngine/internal/fileIndex/fileIndex.pb.go:68.44,70.2 1 0
github.com/fanap-infra/fsEngine/internal/fileIndex/fileIndex.pb.go:72.45,73.14 1 0
github.com/fanap-infra/fsEngine/internal/fileIndex/fileIndex.pb.go:76.2,76.12 1 0
github.com/fanap-infra/fsEngine/internal/fileIndex/fileIndex.pb.go:73.14,75.3 1 0
github.com/fanap-infra/fsEngine/internal/fileIndex/fileIndex.pb.go:79.41,80.14 1 0
github.com/fanap-infra/fsEngine/internal/fileIndex/fileIndex.pb.go:83.2,83.10 1 0
github.com/fanap-infra/fsEngine/internal/fileIndex/fileIndex.pb.go:80.14,82.3 1 0
github.com/fanap-infra/fsEngine/internal/fileIndex/fileIndex.pb.go:101.24,103.29 2 0
github.com/fanap-infra/fsEngine/internal/fileIndex/fileIndex.pb.go:103.29,107.3 3 0
github.com/fanap-infra/fsEngine/internal/fileIndex/fileIndex.pb.go:110.32,112.2 1 0
github.com/fanap-infra/fsEngine/internal/fileIndex/fileIndex.pb.go:114.30,114.31 0 0
github.com/fanap-infra/fsEngine/internal/fileIndex/fileIndex.pb.go:116.52,118.41 2 1
github.com/fanap-infra/fsEngine/internal/fileIndex/fileIndex.pb.go:125.2,125.24 1 1
github.com/fanap-infra/fsEngine/internal/fileIndex/fileIndex.pb.go:118.41,120.34 2 1
github.com/fanap-infra/fsEngine/internal/fileIndex/fileIndex.pb.go:123.3,123.12 1 1
github.com/fanap-infra/fsEngine/internal/fileIndex/fileIndex.pb.go:120.34,122.4 1 1
github.com/fanap-infra/fsEngine/internal/fileIndex/fileIndex.pb.go:129.43,131.2 1 0
github.com/fanap-infra/fsEngine/internal/fileIndex/fileIndex.pb.go:133.31,134.14 1 1
github.com/fanap-infra/fsEngine/internal/fileIndex/fileIndex.pb.go:137.2,137.10 1 0
github.com/fanap-infra/fsEngine/internal/fileIndex/fileIndex.pb.go:134.14,136.3 1 1
github.com/fanap-infra/fsEngine/internal/fileIndex/fileIndex.pb.go:140.39,141.14 1 1
github.com/fanap-infra/fsEngine/internal/fileIndex/fileIndex.pb.go:144.2,144.10 1 0
github.com/fanap-infra/fsEngine/internal/fileIndex/fileIndex.pb.go:141.14,143.3 1 1
github.com/fanap-infra/fsEngine/internal/fileIndex/fileIndex.pb.go:147.38,148.14 1 1
github.com/fanap-infra/fsEngine/internal/fileIndex/fileIndex.pb.go:151.2,151.10 1 0
github.com/fanap-infra/fsEngine/internal/fileIndex/fileIndex.pb.go:148.14,150.3 1 1
github.com/fanap-infra/fsEngine/internal/fileIndex/fileIndex.pb.go:154.39,155.14 1 1
github.com/fanap-infra/fsEngine/internal/fileIndex/fileIndex.pb.go:158.2,158.12 1 0
github.com/fanap-infra/fsEngine/internal/fileIndex/fileIndex.pb.go:155.14,157.3 1 1
github.com/fanap-infra/fsEngine/internal/fileIndex/fileIndex.pb.go:161.33,162.14 1 1
github.com/fanap-infra/fsEngine/internal/fileIndex/fileIndex.pb.go:165.2,165.11 1 0
github.com/fanap-infra/fsEngine/internal/fileIndex/fileIndex.pb.go:162.14,164.3 1 1
github.com/fanap-infra/fsEngine/internal/fileIndex/fileIndex.pb.go:168.56,169.14 1 0
github.com/fanap-infra/fsEngine/internal/fileIndex/fileIndex.pb.go:172.2,172.12 1 0
github.com/fanap-infra/fsEngine/internal/fileIndex/fileIndex.pb.go:169.14,171.3 1 0
github.com/fanap-infra/fsEngine/internal/fileIndex/fileIndex.pb.go:175.37,176.14 1 0
github.com/fanap-infra/fsEngine/internal/fileIndex/fileIndex.pb.go:179.2,179.10 1 0
github.com/fanap-infra/fsEngine/internal/fileIndex/fileIndex.pb.go:176.14,178.3 1 0
github.com/fanap-infra/fsEngine/internal/fileIndex/fileIndex.pb.go:182.37,183.14 1 0
github.com/fanap-infra/fsEngine/internal/fileIndex/fileIndex.pb.go:186.2,186.12 1 0
github.com/fanap-infra/fsEngine/internal/fileIndex/fileIndex.pb.go:183.14,185.3 1 0
github.com/fanap-infra/fsEngine/internal/fileIndex/fileIndex.pb.go:233.48,234.45 1 0
github.com/fanap-infra/fsEngine/internal/fileIndex/fileIndex.pb.go:237.2,237.41 1 0
github.com/fanap-infra/fsEngine/internal/fileIndex/fileIndex.pb.go:234.45,236.3 1 0
github.com/fanap-infra/fsEngine/internal/fileIndex/fileIndex.pb.go:261.13,261.44 1 1
github.com/fanap-infra/fsEngine/internal/fileIndex/fileIndex.pb.go:262.34,263.33 1 1
github.com/fanap-infra/fsEngine/internal/fileIndex/fileIndex.pb.go:266.2,266.30 1 1
github.com/fanap-infra/fsEngine/internal/fileIndex/fileIndex.pb.go:292.2,309.36 6 1
github.com/fanap-infra/fsEngine/internal/fileIndex/fileIndex.pb.go:263.33,265.3 1 0
github.com/fanap-infra/fsEngine/internal/fileIndex/fileIndex.pb.go:266.30,267.86 1 0
github.com/fanap-infra/fsEngine/internal/fileIndex/fileIndex.pb.go:279.3,279.86 1 0
github.com/fanap-infra/fsEngine/internal/fileIndex/fileIndex.pb.go:267.86,268.30 1 0
github.com/fanap-infra/fsEngine/internal/fileIndex/fileIndex.pb.go:269.11,270.20 1 0
github.com/fanap-infra/fsEngine/internal/fileIndex/fileIndex.pb.go:271.11,272.24 1 0
github.com/fanap-infra/fsEngine/internal/fileIndex/fileIndex.pb.go:273.11,274.28 1 0
github.com/fanap-infra/fsEngine/internal/fileIndex/fileIndex.pb.go:275.12,276.15 1 0
github.com/fanap-infra/fsEngine/internal/fileIndex/fileIndex.pb.go:279.86,280.29 1 0
github.com/fanap-infra/fsEngine/internal/fileIndex/fileIndex.pb.go:281.11,282.20 1 0
github.com/fanap-infra/fsEngine/internal/fileIndex/fileIndex.pb.go:283.11,284.24 1 0
github.com/fanap-infra/fsEngine/internal/fileIndex/fileIndex.pb.go:285.11,286.28 1 0
github.com/fanap-infra/fsEngine/internal/fileIndex/fileIndex.pb.go:287.12,288.15 1 0
github.com/fanap-infra/fsEngine/internal/fileIndex/provider.go:6.37,8.2 1 1
github.com/fanap-infra/fsEngine/internal/fileIndex/provider.go:10.63,15.2 4 1
github.com/fanap-infra/fsEngine/internal/fileIndex/provider.go:17.55,19.2 1 1
github.com/fanap-infra/fsEngine/pkg/virtualFile/IO.go:14.55,15.20 1 1
github.com/fanap-infra/fsEngine/pkg/virtualFile/IO.go:19.2,20.40 2 1
github.com/fanap-infra/fsEngine/pkg/virtualFile/IO.go:32.2,32.23 1 1
github.com/fanap-infra/fsEngine/pkg/virtualFile/IO.go:15.20,17.3 1 0
github.com/fanap-infra/fsEngine/pkg/virtualFile/IO.go:20.40,22.17 2 1
github.com/fanap-infra/fsEngine/pkg/virtualFile/IO.go:25.3,26.56 2 1
github.com/fanap-infra/fsEngine/pkg/virtualFile/IO.go:30.3,30.67 1 1
github.com/fanap-infra/fsEngine/pkg/virtualFile/IO.go:22.17,24.4 1 0
github.com/fanap-infra/fsEngine/pkg/virtualFile/IO.go:26.56,29.4 1 0
github.com/fanap-infra/fsEngine/pkg/virtualFile/IO.go:36.69,40.2 2 0
github.com/fanap-infra/fsEngine/pkg/virtualFile/IO.go:43.54,45.12 2 1
github.com/fanap-infra/fsEngine/pkg/virtualFile/IO.go:48.2,49.6 2 1
github.com/fanap-infra/fsEngine/pkg/virtualFile/IO.go:45.12,47.3 1 0
github.com/fanap-infra/fsEngine/pkg/virtualFile/IO.go:49.6,50.32 1 1
github.com/fanap-infra/fsEngine/pkg/virtualFile/IO.go:63.3,63.50 1 1
github.com/fanap-infra/fsEngine/pkg/virtualFile/IO.go:73.3,73.19 1 1
github.com/fanap-infra/fsEngine/pkg/virtualFile/IO.go:50.32,53.47 2 1
github.com/fanap-infra/fsEngine/pkg/virtualFile/IO.go:56.4,57.18 2 1
github.com/fanap-infra/fsEngine/pkg/virtualFile/IO.go:60.4,60.43 1 1
github.com/fanap-infra/fsEngine/pkg/virtualFile/IO.go:53.47,55.5 1 0
github.com/fanap-infra/fsEngine/pkg/virtualFile/IO.go:57.18,59.5 1 0
github.com/fanap-infra/fsEngine/pkg/virtualFile/IO.go:63.50,67.4 3 1
github.com/fanap-infra/fsEngine/pkg/virtualFile/IO.go:67.9,71.4 3 1
github.com/fanap-infra/fsEngine/pkg/virtualFile/IO.go:73.19,74.20 1 1
github.com/fanap-infra/fsEngine/pkg/virtualFile/IO.go:77.4,77.23 1 1
github.com/fanap-infra/fsEngine/pkg/virtualFile/IO.go:74.20,76.5 1 0
github.com/fanap-infra/fsEngine/pkg/virtualFile/IO.go:82.65,84.16 2 1
github.com/fanap-infra/fsEngine/pkg/virtualFile/IO.go:87.2,88.33 2 1
github.com/fanap-infra/fsEngine/pkg/virtualFile/IO.go:93.2,96.22 3 1
github.com/fanap-infra/fsEngine/pkg/virtualFile/IO.go:84.16,86.3 1 0
github.com/fanap-infra/fsEngine/pkg/virtualFile/IO.go:88.33,90.3 1 0
github.com/fanap-infra/fsEngine/pkg/virtualFile/IO.go:99.67,102.20 3 1
github.com/fanap-infra/fsEngine/pkg/virtualFile/IO.go:105.2,105.13 1 1
github.com/fanap-infra/fsEngine/pkg/virtualFile/IO.go:108.2,116.16 6 1
github.com/fanap-infra/fsEngine/pkg/virtualFile/IO.go:119.2,121.21 2 1
github.com/fanap-infra/fsEngine/pkg/virtualFile/IO.go:102.20,104.3 1 0
github.com/fanap-infra/fsEngine/pkg/virtualFile/IO.go:105.13,107.3 1 0
github.com/fanap-infra/fsEngine/pkg/virtualFile/IO.go:116.16,118.3 1 0
github.com/fanap-infra/fsEngine/pkg/virtualFile/IO.go:124.58,127.20 3 0
github.com/fanap-infra/fsEngine/pkg/virtualFile/IO.go:130.2,130.13 1 0
github.com/fanap-infra/fsEngine/pkg/virtualFile/IO.go:133.2,141.16 6 0
github.com/fanap-infra/fsEngine/pkg/virtualFile/IO.go:144.2,146.12 2 0
github.com/fanap-infra/fsEngine/pkg/virtualFile/IO.go:127.20,129.3 1 0
github.com/fanap-infra/fsEngine/pkg/virtualFile/IO.go:130.13,132.3 1 0
github.com/fanap-infra/fsEngine/pkg/virtualFile/IO.go:141.16,143.3 1 0
github.com/fanap-infra/fsEngine/pkg/virtualFile/IO.go:150.37,151.30 1 1
github.com/fanap-infra/fsEngine/pkg/virtualFile/IO.go:158.2,161.16 4 1
github.com/fanap-infra/fsEngine/pkg/virtualFile/IO.go:164.2,165.16 2 1
github.com/fanap-infra/fsEngine/pkg/virtualFile/IO.go:168.2,169.16 2 1
github.com/fanap-infra/fsEngine/pkg/virtualFile/IO.go:172.2,172.26 1 1
github.com/fanap-infra/fsEngine/pkg/virtualFile/IO.go:151.30,153.17 2 1
github.com/fanap-infra/fsEngine/pkg/virtualFile/IO.go:156.3,156.49 1 1
github.com/fanap-infra/fsEngine/pkg/virtualFile/IO.go:153.17,155.4 1 0
github.com/fanap-infra/fsEngine/pkg/virtualFile/IO.go:161.16,163.3 1 0
github.com/fanap-infra/fsEngine/pkg/virtualFile/IO.go:165.16,167.3 1 0
github.com/fanap-infra/fsEngine/pkg/virtualFile/IO.go:169.16,171.3 1 0
github.com/fanap-infra/fsEngine/pkg/virtualFile/IO.go:175.65,178.2 2 0
github.com/fanap-infra/fsEngine/pkg/virtualFile/blocks.go:3.59,4.46 1 1
github.com/fanap-infra/fsEngine/pkg/virtualFile/blocks.go:11.2,12.16 2 1
github.com/fanap-infra/fsEngine/pkg/virtualFile/blocks.go:15.2,15.12 1 1
github.com/fanap-infra/fsEngine/pkg/virtualFile/blocks.go:4.46,7.17 3 1
github.com/fanap-infra/fsEngine/pkg/virtualFile/blocks.go:7.17,9.4 1 0
github.com/fanap-infra/fsEngine/pkg/virtualFile/blocks.go:12.16,14.3 1 1
github.com/fanap-infra/fsEngine/pkg/virtualFile/blocks.go:18.45,20.2 1 0
github.com/fanap-infra/fsEngine/pkg/virtualFile/provider.go:12.99,36.2 1 0
github.com/fanap-infra/fsEngine/pkg/virtualFile/provider.go:39.92,60.2 1 1
github.com/fanap-infra/fsEngine/pkg/virtualFile/virtualFile.go:35.44,37.2 1 0
github.com/fanap-infra/fsEngine/pkg/virtualFile/virtualFile.go:39.37,41.2 1 0
github.com/fanap-infra/fsEngine/pkg/virtualFile/virtualFile.go:43.44,45.2 1 0
github.com/fanap-infra/fsEngine/pkg/virtualFile/virtualFile.go:47.48,49.2 1 0
github.com/fanap-infra/fsEngine/internal/Header/crud.go:5.54,7.2 1 0
github.com/fanap-infra/fsEngine/internal/Header/crud.go:9.74,11.2 1 0
github.com/fanap-infra/fsEngine/internal/Header/crud.go:13.60,15.2 1 0
github.com/fanap-infra/fsEngine/internal/Header/crud.go:17.72,19.2 1 0
github.com/fanap-infra/fsEngine/internal/Header/fileIndex.go:10.61,12.16 2 1
github.com/fanap-infra/fsEngine/internal/Header/fileIndex.go:27.2,27.17 1 1
github.com/fanap-infra/fsEngine/internal/Header/fileIndex.go:12.16,14.3 1 0
github.com/fanap-infra/fsEngine/internal/Header/fileIndex.go:30.49,32.16 2 1
github.com/fanap-infra/fsEngine/internal/Header/fileIndex.go:35.2,37.32 3 1
github.com/fanap-infra/fsEngine/internal/Header/fileIndex.go:40.2,42.28 2 0
github.com/fanap-infra/fsEngine/internal/Header/fileIndex.go:47.2,47.46 1 0
github.com/fanap-infra/fsEngine/internal/Header/fileIndex.go:52.2,53.16 2 0
github.com/fanap-infra/fsEngine/internal/Header/fileIndex.go:56.2,56.18 1 0
github.com/fanap-infra/fsEngine/internal/Header/fileIndex.go:59.2,60.16 2 0
github.com/fanap-infra/fsEngine/internal/Header/fileIndex.go:63.2,63.12 1 0
github.com/fanap-infra/fsEngine/internal/Header/fileIndex.go:67.2,67.12 1 0
github.com/fanap-infra/fsEngine/internal/Header/fileIndex.go:32.16,34.3 1 0
github.com/fanap-infra/fsEngine/internal/Header/fileIndex.go:37.32,39.3 1 1
github.com/fanap-infra/fsEngine/internal/Header/fileIndex.go:42.28,46.3 1 0
github.com/fanap-infra/fsEngine/internal/Header/fileIndex.go:47.46,50.3 1 0
github.com/fanap-infra/fsEngine/internal/Header/fileIndex.go:53.16,55.3 1 0
github.com/fanap-infra/fsEngine/internal/Header/fileIndex.go:56.18,58.3 1 0
github.com/fanap-infra/fsEngine/internal/Header/fileIndex.go:60.16,62.3 1 0
github.com/fanap-infra/fsEngine/internal/Header/fileIndex.go:63.12,65.3 1 0
github.com/fanap-infra/fsEngine/internal/Header/fileIndex.go:70.48,73.28 2 1
github.com/fanap-infra/fsEngine/internal/Header/fileIndex.go:77.2,78.16 2 0
github.com/fanap-infra/fsEngine/internal/Header/fileIndex.go:81.2,81.33 1 0
github.com/fanap-infra/fsEngine/internal/Header/fileIndex.go:104.2,105.16 2 0
github.com/fanap-infra/fsEngine/internal/Header/fileIndex.go:109.2,109.12 1 0
github.com/fanap-infra/fsEngine/internal/Header/fileIndex.go:73.28,76.3 2 1
github.com/fanap-infra/fsEngine/internal/Header/fileIndex.go:78.16,80.3 1 0
github.com/fanap-infra/fsEngine/internal/Header/fileIndex.go:81.33,83.3 1 0
github.com/fanap-infra/fsEngine/internal/Header/fileIndex.go:105.16,107.3 1 0
github.com/fanap-infra/fsEngine/internal/Header/fileIndex.go:113.69,115.2 1 0
github.com/fanap-infra/fsEngine/internal/Header/fileIndex.go:117.118,119.2 1 0
github.com/fanap-infra/fsEngine/internal/Header/fileIndex.go:121.67,123.2 1 0
github.com/fanap-infra/fsEngine/internal/Header/fileIndex.go:125.82,127.2 1 0
github.com/fanap-infra/fsEngine/internal/Header/fs.go:41.48,43.16 2 0
github.com/fanap-infra/fsEngine/internal/Header/fs.go:47.2,48.16 2 0
github.com/fanap-infra/fsEngine/internal/Header/fs.go:52.2,53.16 2 0
github.com/fanap-infra/fsEngine/internal/Header/fs.go:56.2,56.12 1 0
github.com/fanap-infra/fsEngine/internal/Header/fs.go:43.16,45.3 1 0
github.com/fanap-infra/fsEngine/internal/Header/fs.go:48.16,50.3 1 0
github.com/fanap-infra/fsEngine/internal/Header/fs.go:53.16,55.3 1 0
github.com/fanap-infra/fsEngine/internal/Header/header.go:17.58,52.2 16 1
github.com/fanap-infra/fsEngine/internal/Header/header.go:54.46,61.16 4 1
github.com/fanap-infra/fsEngine/internal/Header/header.go:64.2,64.21 1 1
github.com/fanap-infra/fsEngine/internal/Header/header.go:82.2,82.12 1 1
github.com/fanap-infra/fsEngine/internal/Header/header.go:61.16,63.3 1 0
github.com/fanap-infra/fsEngine/internal/Header/header.go:64.21,66.3 1 0
github.com/fanap-infra/fsEngine/internal/Header/header.go:85.45,89.16 3 1
github.com/fanap-infra/fsEngine/internal/Header/header.go:92.2,92.25 1 1
github.com/fanap-infra/fsEngine/internal/Header/header.go:96.2,96.69 1 1
github.com/fanap-infra/fsEngine/internal/Header/header.go:115.2,123.12 8 1
github.com/fanap-infra/fsEngine/internal/Header/header.go:89.16,91.3 1 0
github.com/fanap-infra/fsEngine/internal/Header/header.go:92.25,94.3 1 0
github.com/fanap-infra/fsEngine/internal/Header/header.go:96.69,112.3 1 0
github.com/fanap-infra/fsEngine/internal/Header/provider.go:16.143,17.16 1 1
github.com/fanap-infra/fsEngine/internal/Header/provider.go:21.2,21.32 1 1
github.com/fanap-infra/fsEngine/internal/Header/provider.go:25.2,25.28 1 1
github.com/fanap-infra/fsEngine/internal/Header/provider.go:28.2,28.32 1 1
github.com/fanap-infra/fsEngine/internal/Header/provider.go:31.2,31.32 1 1
github.com/fanap-infra/fsEngine/internal/Header/provider.go:35.2,36.16 2 1
github.com/fanap-infra/fsEngine/internal/Header/provider.go:41.2,43.16 3 1
github.com/fanap-infra/fsEngine/internal/Header/provider.go:46.2,47.16 2 1
github.com/fanap-infra/fsEngine/internal/Header/provider.go:50.2,50.28 1 1
github.com/fanap-infra/fsEngine/internal/Header/provider.go:54.2,69.16 4 1
github.com/fanap-infra/fsEngine/internal/Header/provider.go:73.2,74.16 2 1
github.com/fanap-infra/fsEngine/internal/Header/provider.go:78.2,79.16 2 1
github.com/fanap-infra/fsEngine/internal/Header/provider.go:83.2,83.16 1 1
github.com/fanap-infra/fsEngine/internal/Header/provider.go:17.16,19.3 1 0
github.com/fanap-infra/fsEngine/internal/Header/provider.go:21.32,23.3 1 0
github.com/fanap-infra/fsEngine/internal/Header/provider.go:25.28,27.3 1 0
github.com/fanap-infra/fsEngine/internal/Header/provider.go:28.32,30.3 1 0
github.com/fanap-infra/fsEngine/internal/Header/provider.go:31.32,33.3 1 0
github.com/fanap-infra/fsEngine/internal/Header/provider.go:36.16,38.3 1 0
github.com/fanap-infra/fsEngine/internal/Header/provider.go:43.16,45.3 1 0
github.com/fanap-infra/fsEngine/internal/Header/provider.go:47.16,49.3 1 0
github.com/fanap-infra/fsEngine/internal/Header/provider.go:50.28,52.3 1 0
github.com/fanap-infra/fsEngine/internal/Header/provider.go:69.16,71.3 1 0
github.com/fanap-infra/fsEngine/internal/Header/provider.go:74.16,76.3 1 0
github.com/fanap-infra/fsEngine/internal/Header/provider.go:79.16,81.3 1 0
github.com/fanap-infra/fsEngine/internal/Header/provider.go:86.112,87.16 1 1
github.com/fanap-infra/fsEngine/internal/Header/provider.go:90.2,91.16 2 1
github.com/fanap-infra/fsEngine/internal/Header/provider.go:94.2,95.16 2 1
github.com/fanap-infra/fsEngine/internal/Header/provider.go:99.2,109.16 3 1
github.com/fanap-infra/fsEngine/internal/Header/provider.go:113.2,114.16 2 1
github.com/fanap-infra/fsEngine/internal/Header/provider.go:118.2,119.16 2 1
github.com/fanap-infra/fsEngine/internal/Header/provider.go:123.2,123.17 1 1
github.com/fanap-infra/fsEngine/internal/Header/provider.go:87.16,89.3 1 0
github.com/fanap-infra/fsEngine/internal/Header/provider.go:91.16,93.3 1 0
github.com/fanap-infra/fsEngine/internal/Header/provider.go:95.16,97.3 1 0
github.com/fanap-infra/fsEngine/internal/Header/provider.go:109.16,111.3 1 0
github.com/fanap-infra/fsEngine/internal/Header/provider.go:114.16,116.3 1 0
github.com/fanap-infra/fsEngine/internal/Header/provider.go:119.16,121.3 1 0
github.com/fanap-infra/fsEngine/internal/Header/IO.go:7.73,10.2 2 1
github.com/fanap-infra/fsEngine/internal/Header/IO.go:13.39,14.15 1 1
github.com/fanap-infra/fsEngine/internal/Header/IO.go:21.2,22.16 2 1
github.com/fanap-infra/fsEngine/internal/Header/IO.go:26.2,27.16 2 1
github.com/fanap-infra/fsEngine/internal/Header/IO.go:31.2,32.16 2 1
github.com/fanap-infra/fsEngine/internal/Header/IO.go:46.2,46.12 1 1
github.com/fanap-infra/fsEngine/internal/Header/IO.go:14.15,16.17 2 1
github.com/fanap-infra/fsEngine/internal/Header/IO.go:16.17,18.4 1 0
github.com/fanap-infra/fsEngine/internal/Header/IO.go:22.16,24.3 1 0
github.com/fanap-infra/fsEngine/internal/Header/IO.go:27.16,29.3 1 0
github.com/fanap-infra/fsEngine/internal/Header/IO.go:32.16,36.3 2 0
github.com/fanap-infra/fsEngine/internal/Header/IO.go:49.67,53.2 3 1
github.com/fanap-infra/fsEngine/internal/Header/blm.go:9.43,11.16 2 1
github.com/fanap-infra/fsEngine/internal/Header/blm.go:15.2,16.46 2 1
github.com/fanap-infra/fsEngine/internal/Header/blm.go:20.2,21.16 2 1
github.com/fanap-infra/fsEngine/internal/Header/blm.go:24.2,24.20 1 1
github.com/fanap-infra/fsEngine/internal/Header/blm.go:27.2,28.16 2 1
github.com/fanap-infra/fsEngine/internal/Header/blm.go:32.2,32.12 1 1
github.com/fanap-infra/fsEngine/internal/Header/blm.go:36.2,36.12 1 1
github.com/fanap-infra/fsEngine/internal/Header/blm.go:11.16,13.3 1 0
github.com/fanap-infra/fsEngine/internal/Header/blm.go:16.46,18.3 1 0
github.com/fanap-infra/fsEngine/internal/Header/blm.go:21.16,23.3 1 0
github.com/fanap-infra/fsEngine/internal/Header/blm.go:24.20,26.3 1 0
github.com/fanap-infra/fsEngine/internal/Header/blm.go:28.16,30.3 1 0
github.com/fanap-infra/fsEngine/internal/Header/blm.go:32.12,34.3 1 0
github.com/fanap-infra/fsEngine/internal/Header/blm.go:39.42,43.16 3 1
github.com/fanap-infra/fsEngine/internal/Header/blm.go:47.2,47.27 1 1
github.com/fanap-infra/fsEngine/internal/Header/blm.go:51.2,52.16 2 1
github.com/fanap-infra/fsEngine/internal/Header/blm.go:56.2,57.12 2 1
github.com/fanap-infra/fsEngine/internal/Header/blm.go:43.16,45.3 1 0
github.com/fanap-infra/fsEngine/internal/Header/blm.go:47.27,49.3 1 0
github.com/fanap-infra/fsEngine/internal/Header/blm.go:52.16,54.3 1 0
github.com/fanap-infra/fsEngine/internal/Header/blm.go:60.63,62.2 1 0
github.com/fanap-infra/fsEngine/internal/Header/blm.go:64.70,66.2 1 0
github.com/fanap-infra/fsEngine/internal/Header/blm.go:68.66,70.2 1 0
github.com/fanap-infra/fsEngine/internal/Header/blm.go:72.48,74.2 1 0
github.com/fanap-infra/fsEngine/internal/Header/blm.go:76.66,78.2 1 0
github.com/fanap-infra/fsEngine/internal/Header/configs.go:19.33,28.2 8 1
github.com/fanap-infra/fsEngine/internal/Header/configs.go:30.47,32.2 1 0
github.com/fanap-infra/fsEngine/internal/Header/configs.go:34.50,36.2 1 0
github.com/fanap-infra/fsEngine/crud.go:11.99,14.33 3 1
github.com/fanap-infra/fsEngine/crud.go:17.2,22.16 4 1
github.com/fanap-infra/fsEngine/crud.go:25.2,26.16 2 1
github.com/fanap-infra/fsEngine/crud.go:14.33,16.3 1 1
github.com/fanap-infra/fsEngine/crud.go:22.16,24.3 1 0
github.com/fanap-infra/fsEngine/crud.go:29.83,37.16 4 1
github.com/fanap-infra/fsEngine/crud.go:40.2,42.16 2 1
github.com/fanap-infra/fsEngine/crud.go:45.2,53.16 3 1
github.com/fanap-infra/fsEngine/crud.go:37.16,39.3 1 0
github.com/fanap-infra/fsEngine/crud.go:42.16,44.3 1 0
github.com/fanap-infra/fsEngine/crud.go:56.57,60.8 4 1
github.com/fanap-infra/fsEngine/crud.go:64.2,65.16 2 1
github.com/fanap-infra/fsEngine/crud.go:68.2,70.16 2 1
github.com/fanap-infra/fsEngine/crud.go:73.2,76.32 2 1
github.com/fanap-infra/fsEngine/crud.go:81.2,81.41 1 1
github.com/fanap-infra/fsEngine/crud.go:60.8,62.3 1 1
github.com/fanap-infra/fsEngine/crud.go:65.16,67.3 1 0
github.com/fanap-infra/fsEngine/crud.go:70.16,72.3 1 0
github.com/fanap-infra/fsEngine/crud.go:76.32,78.3 1 1
github.com/fanap-infra/fsEngine/file.go:47.36,48.36 1 1
github.com/fanap-infra/fsEngine/file.go:58.2,59.16 2 1
github.com/fanap-infra/fsEngine/file.go:64.2,65.16 2 1
github.com/fanap-infra/fsEngine/file.go:69.2,69.25 1 1
github.com/fanap-infra/fsEngine/file.go:48.36,49.26 1 1
github.com/fanap-infra/fsEngine/file.go:49.26,51.18 2 1
github.com/fanap-infra/fsEngine/file.go:51.18,54.5 2 0
github.com/fanap-infra/fsEngine/file.go:59.16,62.3 2 0
github.com/fanap-infra/fsEngine/file.go:65.16,68.3 2 0
github.com/fanap-infra/fsEngine/file.go:72.43,74.2 1 1
github.com/fanap-infra/fsEngine/file.go:76.44,78.2 1 0
github.com/fanap-infra/fsEngine/provider.go:17.60,18.16 1 1
github.com/fanap-infra/fsEngine/provider.go:22.2,22.32 1 1
github.com/fanap-infra/fsEngine/provider.go:25.2,27.28 3 1
github.com/fanap-infra/fsEngine/provider.go:30.2,30.34 1 1
github.com/fanap-infra/fsEngine/provider.go:33.2,33.32 1 1
github.com/fanap-infra/fsEngine/provider.go:36.2,36.32 1 1
github.com/fanap-infra/fsEngine/provider.go:40.2,41.16 2 1
github.com/fanap-infra/fsEngine/provider.go:45.2,47.16 3 1
github.com/fanap-infra/fsEngine/provider.go:51.2,52.16 2 1
github.com/fanap-infra/fsEngine/provider.go:56.2,56.28 1 1
github.com/fanap-infra/fsEngine/provider.go:61.2,76.16 3 1
github.com/fanap-infra/fsEngine/provider.go:82.2,84.16 2 1
github.com/fanap-infra/fsEngine/provider.go:18.16,20.3 1 0
github.com/fanap-infra/fsEngine/provider.go:22.32,24.3 1 0
github.com/fanap-infra/fsEngine/provider.go:27.28,29.3 1 0
github.com/fanap-infra/fsEngine/provider.go:30.34,32.3 1 0
github.com/fanap-infra/fsEngine/provider.go:33.32,35.3 1 0
github.com/fanap-infra/fsEngine/provider.go:36.32,38.3 1 0
github.com/fanap-infra/fsEngine/provider.go:41.16,43.3 1 0
github.com/fanap-infra/fsEngine/provider.go:47.16,50.3 2 0
github.com/fanap-infra/fsEngine/provider.go:52.16,55.3 2 0
github.com/fanap-infra/fsEngine/provider.go:56.28,59.3 2 0
github.com/fanap-infra/fsEngine/provider.go:76.16,79.3 2 0
github.com/fanap-infra/fsEngine/provider.go:87.93,88.16 1 1
github.com/fanap-infra/fsEngine/provider.go:91.2,94.16 4 1
github.com/fanap-infra/fsEngine/provider.go:97.2,98.16 2 1
github.com/fanap-infra/fsEngine/provider.go:102.2,113.16 3 1
github.com/fanap-infra/fsEngine/provider.go:117.2,122.16 5 1
github.com/fanap-infra/fsEngine/provider.go:88.16,90.3 1 0
github.com/fanap-infra/fsEngine/provider.go:94.16,96.3 1 0
github.com/fanap-infra/fsEngine/provider.go:98.16,100.3 1 0
github.com/fanap-infra/fsEngine/provider.go:113.16,115.3 1 0
github.com/fanap-infra/fsEngine/IO.go:7.86,10.41 1 1
github.com/fanap-infra/fsEngine/IO.go:14.2,15.16 2 1
github.com/fanap-infra/fsEngine/IO.go:20.2,20.8 1 1
github.com/fanap-infra/fsEngine/IO.go:10.41,12.3 1 0
github.com/fanap-infra/fsEngine/IO.go:15.16,18.3 1 0
github.com/fanap-infra/fsEngine/IO.go:23.67,25.41 1 1
github.com/fanap-infra/fsEngine/IO.go:29.2,32.16 4 1
github.com/fanap-infra/fsEngine/IO.go:35.2,35.29 1 1
github.com/fanap-infra/fsEngine/IO.go:38.2,39.16 2 1
github.com/fanap-infra/fsEngine/IO.go:42.2,42.18 1 1
github.com/fanap-infra/fsEngine/IO.go:25.41,27.3 1 0
github.com/fanap-infra/fsEngine/IO.go:32.16,34.3 1 0
github.com/fanap-infra/fsEngine/IO.go:35.29,37.3 1 0
github.com/fanap-infra/fsEngine/IO.go:39.16,41.3 1 0
github.com/fanap-infra/fsEngine/IO.go:45.81,50.2 3 0
github.com/fanap-infra/fsEngine/IO.go:52.68,60.2 1 0
github.com/fanap-infra/fsEngine/IO.go:62.85,70.2 2 0
github.com/fanap-infra/fsEngine/IO.go:72.69,76.19 4 1
github.com/fanap-infra/fsEngine/IO.go:79.2,80.9 2 1
github.com/fanap-infra/fsEngine/IO.go:83.2,85.6 3 1
github.com/fanap-infra/fsEngine/IO.go:76.19,78.3 1 0
github.com/fanap-infra/fsEngine/IO.go:80.9,82.3 1 0
github.com/fanap-infra/fsEngine/IO.go:85.6,86.20 1 1
github.com/fanap-infra/fsEngine/IO.go:89.3,92.45 4 1
github.com/fanap-infra/fsEngine/IO.go:104.3,105.17 2 1
github.com/fanap-infra/fsEngine/IO.go:109.3,110.17 2 1
github.com/fanap-infra/fsEngine/IO.go:114.3,115.17 2 1
github.com/fanap-infra/fsEngine/IO.go:119.3,119.18 1 1
github.com/fanap-infra/fsEngine/IO.go:122.3,122.30 1 1
github.com/fanap-infra/fsEngine/IO.go:86.20,88.4 1 1
github.com/fanap-infra/fsEngine/IO.go:92.45,94.18 2 1
github.com/fanap-infra/fsEngine/IO.go:94.18,96.5 1 0
github.com/fanap-infra/fsEngine/IO.go:97.9,99.18 2 1
github.com/fanap-infra/fsEngine/IO.go:99.18,101.5 1 0
github.com/fanap-infra/fsEngine/IO.go:105.17,107.4 1 0
github.com/fanap-infra/fsEngine/IO.go:110.17,112.4 1 0
github.com/fanap-infra/fsEngine/IO.go:115.17,117.4 1 0
github.com/fanap-infra/fsEngine/IO.go:119.18,121.4 1 0
github.com/fanap-infra/fsEngine/IO.go:127.50,131.16 4 1
github.com/fanap-infra/fsEngine/IO.go:135.2,138.16 3 1
github.com/fanap-infra/fsEngine/IO.go:142.2,142.12 1 1
github.com/fanap-infra/fsEngine/IO.go:131.16,133.3 1 0
github.com/fanap-infra/fsEngine/IO.go:138.16,140.3 1 0
github.com/fanap-infra/fsEngine/blocks.go:8.39,10.16 2 1
github.com/fanap-infra/fsEngine/blocks.go:14.2,16.16 3 1
github.com/fanap-infra/fsEngine/blocks.go:21.2,22.19 2 1
github.com/fanap-infra/fsEngine/blocks.go:10.16,13.3 2 0
github.com/fanap-infra/fsEngine/blocks.go:16.16,20.3 2 0
github.com/fanap-infra/fsEngine/blocks.go:34.117,49.2 12 1
github.com/fanap-infra/fsEngine/blocks.go:51.62,53.33 2 1
github.com/fanap-infra/fsEngine/blocks.go:57.2,57.36 1 1
github.com/fanap-infra/fsEngine/blocks.go:53.33,55.3 1 0
github.com/fanap-infra/fsEngine/blocks.go:60.66,65.2 3 1
github.com/fanap-infra/fsEngine/blocks.go:67.115,71.2 3 1
github.com/fanap-infra/fsEngine/blocks.go:73.79,77.2 3 0
