mode: set
github.com/fanap-infra/FSEngine/internal/blockAllocationMap/blockAllocationMap.go:20.51,22.2 1 1
github.com/fanap-infra/FSEngine/internal/blockAllocationMap/blockAllocationMap.go:24.77,25.38 1 1
github.com/fanap-infra/FSEngine/internal/blockAllocationMap/blockAllocationMap.go:28.2,30.12 3 1
github.com/fanap-infra/FSEngine/internal/blockAllocationMap/blockAllocationMap.go:25.38,27.3 1 1
github.com/fanap-infra/FSEngine/internal/blockAllocationMap/blockAllocationMap.go:33.73,35.2 1 1
github.com/fanap-infra/FSEngine/internal/blockAllocationMap/blockAllocationMap.go:37.73,39.2 1 1
github.com/fanap-infra/FSEngine/internal/blockAllocationMap/blockAllocationMap.go:41.70,44.12 3 1
github.com/fanap-infra/FSEngine/internal/blockAllocationMap/blockAllocationMap.go:61.2,61.18 1 0
github.com/fanap-infra/FSEngine/internal/blockAllocationMap/blockAllocationMap.go:44.12,48.40 2 1
github.com/fanap-infra/FSEngine/internal/blockAllocationMap/blockAllocationMap.go:54.3,54.28 1 1
github.com/fanap-infra/FSEngine/internal/blockAllocationMap/blockAllocationMap.go:58.3,58.42 1 1
github.com/fanap-infra/FSEngine/internal/blockAllocationMap/blockAllocationMap.go:48.40,53.4 4 1
github.com/fanap-infra/FSEngine/internal/blockAllocationMap/blockAllocationMap.go:54.28,56.12 2 1
github.com/fanap-infra/FSEngine/internal/blockAllocationMap/provider.go:10.77,18.2 1 1
github.com/fanap-infra/FSEngine/internal/blockAllocationMap/provider.go:22.129,26.16 4 1
github.com/fanap-infra/FSEngine/internal/blockAllocationMap/provider.go:29.2,35.8 1 1
github.com/fanap-infra/FSEngine/internal/blockAllocationMap/provider.go:26.16,28.3 1 0
github.com/fanap-infra/FSEngine/internal/blockAllocationMap/provider.go:38.66,42.16 4 1
github.com/fanap-infra/FSEngine/internal/blockAllocationMap/provider.go:45.2,45.31 1 1
github.com/fanap-infra/FSEngine/internal/blockAllocationMap/provider.go:42.16,44.3 1 0
github.com/fanap-infra/FSEngine/internal/fileIndex/fileIndex.go:17.63,20.30 3 1
github.com/fanap-infra/FSEngine/internal/fileIndex/fileIndex.go:23.2,25.12 3 1
github.com/fanap-infra/FSEngine/internal/fileIndex/fileIndex.go:20.30,22.3 1 0
github.com/fanap-infra/FSEngine/internal/fileIndex/fileIndex.go:28.56,31.2 2 1
github.com/fanap-infra/FSEngine/internal/fileIndex/fileIndex.go:33.64,38.2 4 1
github.com/fanap-infra/FSEngine/internal/fileIndex/fileIndex.go:40.53,44.13 4 1
github.com/fanap-infra/FSEngine/internal/fileIndex/fileIndex.go:49.2,49.56 1 0
github.com/fanap-infra/FSEngine/internal/fileIndex/fileIndex.go:44.13,47.3 2 1
github.com/fanap-infra/FSEngine/internal/fileIndex/fileIndex.go:52.118,55.31 3 1
github.com/fanap-infra/FSEngine/internal/fileIndex/fileIndex.go:58.2,59.12 2 1
github.com/fanap-infra/FSEngine/internal/fileIndex/fileIndex.go:55.31,57.3 1 0
github.com/fanap-infra/FSEngine/internal/fileIndex/fileIndex.pb.go:39.25,41.29 2 1
github.com/fanap-infra/FSEngine/internal/fileIndex/fileIndex.pb.go:41.29,45.3 3 1
github.com/fanap-infra/FSEngine/internal/fileIndex/fileIndex.pb.go:48.33,50.2 1 0
github.com/fanap-infra/FSEngine/internal/fileIndex/fileIndex.pb.go:52.31,52.32 0 0
github.com/fanap-infra/FSEngine/internal/fileIndex/fileIndex.pb.go:54.53,56.41 2 1
github.com/fanap-infra/FSEngine/internal/fileIndex/fileIndex.pb.go:63.2,63.24 1 0
github.com/fanap-infra/FSEngine/internal/fileIndex/fileIndex.pb.go:56.41,58.34 2 1
github.com/fanap-infra/FSEngine/internal/fileIndex/fileIndex.pb.go:61.3,61.12 1 1
github.com/fanap-infra/FSEngine/internal/fileIndex/fileIndex.pb.go:58.34,60.4 1 1
github.com/fanap-infra/FSEngine/internal/fileIndex/fileIndex.pb.go:67.44,69.2 1 0
github.com/fanap-infra/FSEngine/internal/fileIndex/fileIndex.pb.go:71.45,72.14 1 0
github.com/fanap-infra/FSEngine/internal/fileIndex/fileIndex.pb.go:75.2,75.12 1 0
github.com/fanap-infra/FSEngine/internal/fileIndex/fileIndex.pb.go:72.14,74.3 1 0
github.com/fanap-infra/FSEngine/internal/fileIndex/fileIndex.pb.go:78.41,79.14 1 0
github.com/fanap-infra/FSEngine/internal/fileIndex/fileIndex.pb.go:82.2,82.10 1 0
github.com/fanap-infra/FSEngine/internal/fileIndex/fileIndex.pb.go:79.14,81.3 1 0
github.com/fanap-infra/FSEngine/internal/fileIndex/fileIndex.pb.go:97.24,99.29 2 0
github.com/fanap-infra/FSEngine/internal/fileIndex/fileIndex.pb.go:99.29,103.3 3 0
github.com/fanap-infra/FSEngine/internal/fileIndex/fileIndex.pb.go:106.32,108.2 1 0
github.com/fanap-infra/FSEngine/internal/fileIndex/fileIndex.pb.go:110.30,110.31 0 0
github.com/fanap-infra/FSEngine/internal/fileIndex/fileIndex.pb.go:112.52,114.41 2 1
github.com/fanap-infra/FSEngine/internal/fileIndex/fileIndex.pb.go:121.2,121.24 1 1
github.com/fanap-infra/FSEngine/internal/fileIndex/fileIndex.pb.go:114.41,116.34 2 1
github.com/fanap-infra/FSEngine/internal/fileIndex/fileIndex.pb.go:119.3,119.12 1 1
github.com/fanap-infra/FSEngine/internal/fileIndex/fileIndex.pb.go:116.34,118.4 1 1
github.com/fanap-infra/FSEngine/internal/fileIndex/fileIndex.pb.go:125.43,127.2 1 0
github.com/fanap-infra/FSEngine/internal/fileIndex/fileIndex.pb.go:129.31,130.14 1 1
github.com/fanap-infra/FSEngine/internal/fileIndex/fileIndex.pb.go:133.2,133.10 1 0
github.com/fanap-infra/FSEngine/internal/fileIndex/fileIndex.pb.go:130.14,132.3 1 1
github.com/fanap-infra/FSEngine/internal/fileIndex/fileIndex.pb.go:136.39,137.14 1 1
github.com/fanap-infra/FSEngine/internal/fileIndex/fileIndex.pb.go:140.2,140.10 1 0
github.com/fanap-infra/FSEngine/internal/fileIndex/fileIndex.pb.go:137.14,139.3 1 1
github.com/fanap-infra/FSEngine/internal/fileIndex/fileIndex.pb.go:143.38,144.14 1 1
github.com/fanap-infra/FSEngine/internal/fileIndex/fileIndex.pb.go:147.2,147.10 1 0
github.com/fanap-infra/FSEngine/internal/fileIndex/fileIndex.pb.go:144.14,146.3 1 1
github.com/fanap-infra/FSEngine/internal/fileIndex/fileIndex.pb.go:150.39,151.14 1 1
github.com/fanap-infra/FSEngine/internal/fileIndex/fileIndex.pb.go:154.2,154.12 1 0
github.com/fanap-infra/FSEngine/internal/fileIndex/fileIndex.pb.go:151.14,153.3 1 1
github.com/fanap-infra/FSEngine/internal/fileIndex/fileIndex.pb.go:157.33,158.14 1 1
github.com/fanap-infra/FSEngine/internal/fileIndex/fileIndex.pb.go:161.2,161.11 1 0
github.com/fanap-infra/FSEngine/internal/fileIndex/fileIndex.pb.go:158.14,160.3 1 1
github.com/fanap-infra/FSEngine/internal/fileIndex/fileIndex.pb.go:198.48,199.45 1 0
github.com/fanap-infra/FSEngine/internal/fileIndex/fileIndex.pb.go:202.2,202.41 1 0
github.com/fanap-infra/FSEngine/internal/fileIndex/fileIndex.pb.go:199.45,201.3 1 0
github.com/fanap-infra/FSEngine/internal/fileIndex/fileIndex.pb.go:224.13,224.44 1 1
github.com/fanap-infra/FSEngine/internal/fileIndex/fileIndex.pb.go:225.34,226.33 1 1
github.com/fanap-infra/FSEngine/internal/fileIndex/fileIndex.pb.go:229.2,229.30 1 1
github.com/fanap-infra/FSEngine/internal/fileIndex/fileIndex.pb.go:255.2,272.36 6 1
github.com/fanap-infra/FSEngine/internal/fileIndex/fileIndex.pb.go:226.33,228.3 1 0
github.com/fanap-infra/FSEngine/internal/fileIndex/fileIndex.pb.go:229.30,230.86 1 0
github.com/fanap-infra/FSEngine/internal/fileIndex/fileIndex.pb.go:242.3,242.86 1 0
github.com/fanap-infra/FSEngine/internal/fileIndex/fileIndex.pb.go:230.86,231.30 1 0
github.com/fanap-infra/FSEngine/internal/fileIndex/fileIndex.pb.go:232.11,233.20 1 0
github.com/fanap-infra/FSEngine/internal/fileIndex/fileIndex.pb.go:234.11,235.24 1 0
github.com/fanap-infra/FSEngine/internal/fileIndex/fileIndex.pb.go:236.11,237.28 1 0
github.com/fanap-infra/FSEngine/internal/fileIndex/fileIndex.pb.go:238.12,239.15 1 0
github.com/fanap-infra/FSEngine/internal/fileIndex/fileIndex.pb.go:242.86,243.29 1 0
github.com/fanap-infra/FSEngine/internal/fileIndex/fileIndex.pb.go:244.11,245.20 1 0
github.com/fanap-infra/FSEngine/internal/fileIndex/fileIndex.pb.go:246.11,247.24 1 0
github.com/fanap-infra/FSEngine/internal/fileIndex/fileIndex.pb.go:248.11,249.28 1 0
github.com/fanap-infra/FSEngine/internal/fileIndex/fileIndex.pb.go:250.12,251.15 1 0
github.com/fanap-infra/FSEngine/internal/fileIndex/provider.go:6.37,8.2 1 1
github.com/fanap-infra/FSEngine/internal/fileIndex/provider.go:10.63,15.2 4 1
github.com/fanap-infra/FSEngine/internal/fileIndex/provider.go:17.61,20.2 2 1
github.com/fanap-infra/FSEngine/crud.go:10.99,13.33 3 0
github.com/fanap-infra/FSEngine/crud.go:22.2,22.17 1 0
github.com/fanap-infra/FSEngine/crud.go:13.33,15.3 1 0
github.com/fanap-infra/FSEngine/crud.go:25.83,28.34 3 0
github.com/fanap-infra/FSEngine/crud.go:36.2,36.17 1 0
github.com/fanap-infra/FSEngine/crud.go:28.34,30.3 1 0
github.com/fanap-infra/FSEngine/crud.go:39.57,43.8 4 0
github.com/fanap-infra/FSEngine/crud.go:47.2,47.12 1 0
github.com/fanap-infra/FSEngine/crud.go:43.8,45.3 1 0
github.com/fanap-infra/FSEngine/file.go:47.36,49.16 2 0
github.com/fanap-infra/FSEngine/file.go:55.2,56.16 2 0
github.com/fanap-infra/FSEngine/file.go:61.2,61.25 1 0
github.com/fanap-infra/FSEngine/file.go:49.16,53.3 2 0
github.com/fanap-infra/FSEngine/file.go:56.16,60.3 2 0
github.com/fanap-infra/FSEngine/provider.go:17.102,18.16 1 1
github.com/fanap-infra/FSEngine/provider.go:22.2,22.32 1 1
github.com/fanap-infra/FSEngine/provider.go:26.2,26.28 1 1
github.com/fanap-infra/FSEngine/provider.go:29.2,29.32 1 1
github.com/fanap-infra/FSEngine/provider.go:32.2,32.32 1 1
github.com/fanap-infra/FSEngine/provider.go:36.2,37.16 2 1
github.com/fanap-infra/FSEngine/provider.go:41.2,43.16 3 1
github.com/fanap-infra/FSEngine/provider.go:47.2,48.16 2 1
github.com/fanap-infra/FSEngine/provider.go:52.2,52.28 1 1
github.com/fanap-infra/FSEngine/provider.go:57.2,70.16 5 1
github.com/fanap-infra/FSEngine/provider.go:74.2,76.16 2 1
github.com/fanap-infra/FSEngine/provider.go:18.16,20.3 1 0
github.com/fanap-infra/FSEngine/provider.go:22.32,24.3 1 0
github.com/fanap-infra/FSEngine/provider.go:26.28,28.3 1 0
github.com/fanap-infra/FSEngine/provider.go:29.32,31.3 1 0
github.com/fanap-infra/FSEngine/provider.go:32.32,34.3 1 0
github.com/fanap-infra/FSEngine/provider.go:37.16,39.3 1 0
github.com/fanap-infra/FSEngine/provider.go:43.16,46.3 2 0
github.com/fanap-infra/FSEngine/provider.go:48.16,51.3 2 0
github.com/fanap-infra/FSEngine/provider.go:52.28,55.3 2 0
github.com/fanap-infra/FSEngine/provider.go:70.16,72.3 1 0
github.com/fanap-infra/FSEngine/provider.go:79.71,80.16 1 1
github.com/fanap-infra/FSEngine/provider.go:83.2,84.16 2 1
github.com/fanap-infra/FSEngine/provider.go:87.2,88.16 2 1
github.com/fanap-infra/FSEngine/provider.go:92.2,102.16 5 1
github.com/fanap-infra/FSEngine/provider.go:106.2,110.16 4 1
github.com/fanap-infra/FSEngine/provider.go:80.16,82.3 1 0
github.com/fanap-infra/FSEngine/provider.go:84.16,86.3 1 0
github.com/fanap-infra/FSEngine/provider.go:88.16,90.3 1 0
github.com/fanap-infra/FSEngine/provider.go:102.16,104.3 1 0
github.com/fanap-infra/FSEngine/IO.go:7.86,8.30 1 0
github.com/fanap-infra/FSEngine/IO.go:12.2,13.16 2 0
github.com/fanap-infra/FSEngine/IO.go:17.2,17.8 1 0
github.com/fanap-infra/FSEngine/IO.go:8.30,10.3 1 0
github.com/fanap-infra/FSEngine/IO.go:13.16,15.3 1 0
github.com/fanap-infra/FSEngine/IO.go:20.67,21.30 1 0
github.com/fanap-infra/FSEngine/IO.go:25.2,28.16 4 0
github.com/fanap-infra/FSEngine/IO.go:31.2,31.29 1 0
github.com/fanap-infra/FSEngine/IO.go:35.2,35.17 1 0
github.com/fanap-infra/FSEngine/IO.go:21.30,23.3 1 0
github.com/fanap-infra/FSEngine/IO.go:28.16,30.3 1 0
github.com/fanap-infra/FSEngine/IO.go:31.29,33.3 1 0
github.com/fanap-infra/FSEngine/IO.go:38.81,43.2 3 0
github.com/fanap-infra/FSEngine/IO.go:45.68,48.2 1 0
github.com/fanap-infra/FSEngine/IO.go:50.85,58.2 2 0
github.com/fanap-infra/FSEngine/IO.go:60.69,64.9 4 0
github.com/fanap-infra/FSEngine/IO.go:67.2,69.41 3 0
github.com/fanap-infra/FSEngine/IO.go:90.2,90.49 1 0
github.com/fanap-infra/FSEngine/IO.go:111.2,111.15 1 0
github.com/fanap-infra/FSEngine/IO.go:64.9,66.3 1 0
github.com/fanap-infra/FSEngine/IO.go:69.41,73.17 4 0
github.com/fanap-infra/FSEngine/IO.go:76.3,77.17 2 0
github.com/fanap-infra/FSEngine/IO.go:80.3,81.17 2 0
github.com/fanap-infra/FSEngine/IO.go:84.3,84.18 1 0
github.com/fanap-infra/FSEngine/IO.go:87.3,87.12 1 0
github.com/fanap-infra/FSEngine/IO.go:73.17,75.4 1 0
github.com/fanap-infra/FSEngine/IO.go:77.17,79.4 1 0
github.com/fanap-infra/FSEngine/IO.go:81.17,83.4 1 0
github.com/fanap-infra/FSEngine/IO.go:84.18,86.4 1 0
github.com/fanap-infra/FSEngine/IO.go:90.49,94.17 4 0
github.com/fanap-infra/FSEngine/IO.go:97.3,98.17 2 0
github.com/fanap-infra/FSEngine/IO.go:101.3,102.17 2 0
github.com/fanap-infra/FSEngine/IO.go:105.3,105.18 1 0
github.com/fanap-infra/FSEngine/IO.go:108.3,108.12 1 0
github.com/fanap-infra/FSEngine/IO.go:94.17,96.4 1 0
github.com/fanap-infra/FSEngine/IO.go:98.17,100.4 1 0
github.com/fanap-infra/FSEngine/IO.go:102.17,104.4 1 0
github.com/fanap-infra/FSEngine/IO.go:105.18,107.4 1 0
github.com/fanap-infra/FSEngine/blocks.go:7.39,9.2 1 0
github.com/fanap-infra/FSEngine/blocks.go:20.117,32.2 9 0
github.com/fanap-infra/FSEngine/internal/Header/provider.go:15.143,16.16 1 1
github.com/fanap-infra/FSEngine/internal/Header/provider.go:20.2,20.32 1 1
github.com/fanap-infra/FSEngine/internal/Header/provider.go:24.2,24.28 1 1
github.com/fanap-infra/FSEngine/internal/Header/provider.go:27.2,27.32 1 1
github.com/fanap-infra/FSEngine/internal/Header/provider.go:30.2,30.32 1 1
github.com/fanap-infra/FSEngine/internal/Header/provider.go:34.2,35.16 2 1
github.com/fanap-infra/FSEngine/internal/Header/provider.go:40.2,42.16 3 1
github.com/fanap-infra/FSEngine/internal/Header/provider.go:45.2,46.16 2 1
github.com/fanap-infra/FSEngine/internal/Header/provider.go:49.2,49.28 1 1
github.com/fanap-infra/FSEngine/internal/Header/provider.go:53.2,68.16 4 1
github.com/fanap-infra/FSEngine/internal/Header/provider.go:73.2,74.16 2 1
github.com/fanap-infra/FSEngine/internal/Header/provider.go:78.2,78.16 1 1
github.com/fanap-infra/FSEngine/internal/Header/provider.go:16.16,18.3 1 0
github.com/fanap-infra/FSEngine/internal/Header/provider.go:20.32,22.3 1 0
github.com/fanap-infra/FSEngine/internal/Header/provider.go:24.28,26.3 1 0
github.com/fanap-infra/FSEngine/internal/Header/provider.go:27.32,29.3 1 0
github.com/fanap-infra/FSEngine/internal/Header/provider.go:30.32,32.3 1 0
github.com/fanap-infra/FSEngine/internal/Header/provider.go:35.16,37.3 1 0
github.com/fanap-infra/FSEngine/internal/Header/provider.go:42.16,44.3 1 0
github.com/fanap-infra/FSEngine/internal/Header/provider.go:46.16,48.3 1 0
github.com/fanap-infra/FSEngine/internal/Header/provider.go:49.28,51.3 1 0
github.com/fanap-infra/FSEngine/internal/Header/provider.go:68.16,71.3 1 0
github.com/fanap-infra/FSEngine/internal/Header/provider.go:74.16,76.3 1 0
github.com/fanap-infra/FSEngine/internal/Header/provider.go:81.72,82.16 1 1
github.com/fanap-infra/FSEngine/internal/Header/provider.go:85.2,86.16 2 1
github.com/fanap-infra/FSEngine/internal/Header/provider.go:89.2,90.16 2 1
github.com/fanap-infra/FSEngine/internal/Header/provider.go:94.2,102.16 3 1
github.com/fanap-infra/FSEngine/internal/Header/provider.go:106.2,107.16 2 1
github.com/fanap-infra/FSEngine/internal/Header/provider.go:111.2,111.16 1 1
github.com/fanap-infra/FSEngine/internal/Header/provider.go:82.16,84.3 1 0
github.com/fanap-infra/FSEngine/internal/Header/provider.go:86.16,88.3 1 0
github.com/fanap-infra/FSEngine/internal/Header/provider.go:90.16,92.3 1 0
github.com/fanap-infra/FSEngine/internal/Header/provider.go:102.16,104.3 1 0
github.com/fanap-infra/FSEngine/internal/Header/provider.go:107.16,109.3 1 0
github.com/fanap-infra/FSEngine/internal/Header/IO.go:5.73,9.2 2 1
github.com/fanap-infra/FSEngine/internal/Header/IO.go:12.39,14.16 2 1
github.com/fanap-infra/FSEngine/internal/Header/IO.go:20.2,21.16 2 1
github.com/fanap-infra/FSEngine/internal/Header/IO.go:26.2,26.25 1 1
github.com/fanap-infra/FSEngine/internal/Header/IO.go:14.16,18.3 2 0
github.com/fanap-infra/FSEngine/internal/Header/IO.go:21.16,25.3 2 0
github.com/fanap-infra/FSEngine/internal/Header/IO.go:29.67,33.2 3 1
github.com/fanap-infra/FSEngine/internal/Header/configs.go:19.33,28.2 8 1
github.com/fanap-infra/FSEngine/internal/Header/configs.go:30.47,32.2 1 0
github.com/fanap-infra/FSEngine/internal/Header/configs.go:34.50,36.2 1 0
github.com/fanap-infra/FSEngine/internal/Header/crud.go:3.54,5.2 1 0
github.com/fanap-infra/FSEngine/internal/Header/crud.go:7.74,9.2 1 0
github.com/fanap-infra/FSEngine/internal/Header/fileIndex.go:10.61,12.16 2 1
github.com/fanap-infra/FSEngine/internal/Header/fileIndex.go:15.2,18.16 3 1
github.com/fanap-infra/FSEngine/internal/Header/fileIndex.go:21.2,23.16 3 1
github.com/fanap-infra/FSEngine/internal/Header/fileIndex.go:26.2,27.17 2 1
github.com/fanap-infra/FSEngine/internal/Header/fileIndex.go:12.16,14.3 1 0
github.com/fanap-infra/FSEngine/internal/Header/fileIndex.go:18.16,20.3 1 0
github.com/fanap-infra/FSEngine/internal/Header/fileIndex.go:23.16,25.3 1 0
github.com/fanap-infra/FSEngine/internal/Header/fileIndex.go:30.49,32.16 2 1
github.com/fanap-infra/FSEngine/internal/Header/fileIndex.go:36.2,37.46 2 1
github.com/fanap-infra/FSEngine/internal/Header/fileIndex.go:40.2,43.16 4 1
github.com/fanap-infra/FSEngine/internal/Header/fileIndex.go:46.2,46.18 1 1
github.com/fanap-infra/FSEngine/internal/Header/fileIndex.go:49.2,50.16 2 1
github.com/fanap-infra/FSEngine/internal/Header/fileIndex.go:53.2,53.12 1 1
github.com/fanap-infra/FSEngine/internal/Header/fileIndex.go:57.2,57.12 1 1
github.com/fanap-infra/FSEngine/internal/Header/fileIndex.go:32.16,34.3 1 0
github.com/fanap-infra/FSEngine/internal/Header/fileIndex.go:37.46,39.3 1 0
github.com/fanap-infra/FSEngine/internal/Header/fileIndex.go:43.16,45.3 1 0
github.com/fanap-infra/FSEngine/internal/Header/fileIndex.go:46.18,48.3 1 0
github.com/fanap-infra/FSEngine/internal/Header/fileIndex.go:50.16,52.3 1 0
github.com/fanap-infra/FSEngine/internal/Header/fileIndex.go:53.12,55.3 1 0
github.com/fanap-infra/FSEngine/internal/Header/fileIndex.go:60.48,64.16 3 1
github.com/fanap-infra/FSEngine/internal/Header/fileIndex.go:67.2,67.33 1 1
github.com/fanap-infra/FSEngine/internal/Header/fileIndex.go:71.2,71.12 1 1
github.com/fanap-infra/FSEngine/internal/Header/fileIndex.go:64.16,66.3 1 0
github.com/fanap-infra/FSEngine/internal/Header/fileIndex.go:67.33,69.3 1 0
github.com/fanap-infra/FSEngine/internal/Header/fs.go:38.48,40.16 2 0
github.com/fanap-infra/FSEngine/internal/Header/fs.go:44.2,45.16 2 0
github.com/fanap-infra/FSEngine/internal/Header/fs.go:48.2,48.12 1 0
github.com/fanap-infra/FSEngine/internal/Header/fs.go:40.16,42.3 1 0
github.com/fanap-infra/FSEngine/internal/Header/fs.go:45.16,47.3 1 0
github.com/fanap-infra/FSEngine/internal/Header/header.go:17.58,49.2 15 1
github.com/fanap-infra/FSEngine/internal/Header/header.go:51.46,58.16 6 1
github.com/fanap-infra/FSEngine/internal/Header/header.go:61.2,61.23 1 1
github.com/fanap-infra/FSEngine/internal/Header/header.go:65.2,66.16 2 1
github.com/fanap-infra/FSEngine/internal/Header/header.go:79.2,79.12 1 1
github.com/fanap-infra/FSEngine/internal/Header/header.go:58.16,60.3 1 0
github.com/fanap-infra/FSEngine/internal/Header/header.go:61.23,63.3 1 0
github.com/fanap-infra/FSEngine/internal/Header/header.go:66.16,68.3 1 0
github.com/fanap-infra/FSEngine/internal/Header/header.go:82.45,86.16 3 1
github.com/fanap-infra/FSEngine/internal/Header/header.go:89.2,89.25 1 1
github.com/fanap-infra/FSEngine/internal/Header/header.go:93.2,93.69 1 1
github.com/fanap-infra/FSEngine/internal/Header/header.go:112.2,118.12 6 1
github.com/fanap-infra/FSEngine/internal/Header/header.go:86.16,88.3 1 0
github.com/fanap-infra/FSEngine/internal/Header/header.go:89.25,91.3 1 0
github.com/fanap-infra/FSEngine/internal/Header/header.go:93.69,109.3 1 0
